Registered S3 method overwritten by 'pryr':
  method      from
  print.bytes Rcpp
[1] "load finished!"
Error in .jcall(rp, "I", "fetch", stride, block) : 
  com.microsoft.sqlserver.jdbc.SQLServerException: Conversion failed when converting date and/or time from character string.
Calls: sync_PLMtoERP_BOM_periodly ... .local -> fetch -> fetch -> .local -> .jcall -> .jcheck
Execution halted
Registered S3 method overwritten by 'pryr':
  method      from
  print.bytes Rcpp
[1] "load finished!"
Error in .jcall(rp, "I", "fetch", stride, block) : 
  com.microsoft.sqlserver.jdbc.SQLServerException: Conversion failed when converting date and/or time from character string.
Calls: sync_PLMtoERP_BOM_periodly ... .local -> fetch -> fetch -> .local -> .jcall -> .jcheck
Execution halted
Registered S3 method overwritten by 'pryr':
  method      from
  print.bytes Rcpp
[1] "load finished!"
Error in .jcall(rp, "I", "fetch", stride, block) : 
  com.microsoft.sqlserver.jdbc.SQLServerException: Conversion failed when converting date and/or time from character string.
Calls: sync_PLMtoERP_BOM_periodly ... .local -> fetch -> fetch -> .local -> .jcall -> .jcheck
Execution halted
Registered S3 method overwritten by 'pryr':
  method      from
  print.bytes Rcpp
[1] "load finished!"
Error in .jcall(rp, "I", "fetch", stride, block) : 
  com.microsoft.sqlserver.jdbc.SQLServerException: Conversion failed when converting date and/or time from character string.
Calls: sync_PLMtoERP_BOM_periodly ... .local -> fetch -> fetch -> .local -> .jcall -> .jcheck
Execution halted
Registered S3 method overwritten by 'pryr':
  method      from
  print.bytes Rcpp
[1] "load finished!"
Error in .jcall(rp, "I", "fetch", stride, block) : 
  com.microsoft.sqlserver.jdbc.SQLServerException: Conversion failed when converting date and/or time from character string.
Calls: sync_PLMtoERP_BOM_periodly ... .local -> fetch -> fetch -> .local -> .jcall -> .jcheck
Execution halted
Registered S3 method overwritten by 'pryr':
  method      from
  print.bytes Rcpp
[1] "load finished!"
Error in .jcall(rp, "I", "fetch", stride, block) : 
  com.microsoft.sqlserver.jdbc.SQLServerException: Conversion failed when converting date and/or time from character string.
Calls: sync_PLMtoERP_BOM_periodly ... .local -> fetch -> fetch -> .local -> .jcall -> .jcheck
Execution halted
Error: `path` does not exist: ‘/srv/shiny-server/config/conn_erp.xlsx’
Execution halted
Error: `path` does not exist: ‘/srv/shiny-server/config/conn_erp.xlsx’
Execution halted
Error: `path` does not exist: ‘/srv/shiny-server/config/conn_erp.xlsx’
Execution halted
Error: `path` does not exist: ‘/srv/shiny-server/config/conn_erp.xlsx’
Execution halted
Error: `path` does not exist: ‘/srv/shiny-server/config/conn_erp.xlsx’
Execution halted
Error: `path` does not exist: ‘/srv/shiny-server/config/conn_erp.xlsx’
Execution halted
Error: `path` does not exist: ‘/srv/shiny-server/config/conn_erp.xlsx’
Execution halted
Error: `path` does not exist: ‘/srv/shiny-server/config/conn_erp.xlsx’
Execution halted
Error: `path` does not exist: ‘/srv/shiny-server/config/conn_erp.xlsx’
Execution halted
Error: `path` does not exist: ‘/srv/shiny-server/config/conn_erp.xlsx’
Execution halted
Error: `path` does not exist: ‘/srv/shiny-server/config/conn_erp.xlsx’
Execution halted
Error: `path` does not exist: ‘/srv/shiny-server/config/conn_erp.xlsx’
Execution halted
Error: `path` does not exist: ‘/srv/shiny-server/config/conn_erp.xlsx’
Execution halted
Error: `path` does not exist: ‘/srv/shiny-server/config/conn_erp.xlsx’
Execution halted
Error: `path` does not exist: ‘/srv/shiny-server/config/conn_erp.xlsx’
Execution halted
Error: `path` does not exist: ‘/srv/shiny-server/config/conn_erp.xlsx’
Execution halted
Error: `path` does not exist: ‘/srv/shiny-server/config/conn_erp.xlsx’
Execution halted
Error: `path` does not exist: ‘/srv/shiny-server/config/conn_erp.xlsx’
Execution halted
Error: `path` does not exist: ‘/srv/shiny-server/config/conn_erp.xlsx’
Execution halted
Error: `path` does not exist: ‘/srv/shiny-server/config/conn_erp.xlsx’
Execution halted
Error: `path` does not exist: ‘/srv/shiny-server/config/conn_erp.xlsx’
Execution halted
